<?xml version="1.0" encoding="UTF-8"?>
<testsuite xmlns:xsi="http://www.w3.org/2001/XMLSchema-instance" xsi:noNamespaceSchemaLocation="https://maven.apache.org/surefire/maven-surefire-plugin/xsd/surefire-test-report-3.0.xsd" version="3.0" name="com.orbitz.runners.TestRunnerFirefox" time="277.444" tests="1" errors="1" skipped="0" failures="0">
  <properties>
    <property name="gopherProxySet" value="false"/>
    <property name="awt.toolkit" value="sun.lwawt.macosx.LWCToolkit"/>
    <property name="file.encoding.pkg" value="sun.io"/>
    <property name="java.specification.version" value="1.8"/>
    <property name="sun.cpu.isalist" value=""/>
    <property name="sun.jnu.encoding" value="UTF-8"/>
    <property name="java.class.path" value="/Users/evgeniya/eclipse-workspace/Orbitz/target/test-classes:/Users/evgeniya/eclipse-workspace/Orbitz/target/classes:/Users/evgeniya/.m2/repository/org/seleniumhq/selenium/selenium-java/3.141.59/selenium-java-3.141.59.jar:/Users/evgeniya/.m2/repository/org/seleniumhq/selenium/selenium-api/3.141.59/selenium-api-3.141.59.jar:/Users/evgeniya/.m2/repository/org/seleniumhq/selenium/selenium-chrome-driver/3.141.59/selenium-chrome-driver-3.141.59.jar:/Users/evgeniya/.m2/repository/org/seleniumhq/selenium/selenium-edge-driver/3.141.59/selenium-edge-driver-3.141.59.jar:/Users/evgeniya/.m2/repository/org/seleniumhq/selenium/selenium-firefox-driver/3.141.59/selenium-firefox-driver-3.141.59.jar:/Users/evgeniya/.m2/repository/org/seleniumhq/selenium/selenium-ie-driver/3.141.59/selenium-ie-driver-3.141.59.jar:/Users/evgeniya/.m2/repository/org/seleniumhq/selenium/selenium-opera-driver/3.141.59/selenium-opera-driver-3.141.59.jar:/Users/evgeniya/.m2/repository/org/seleniumhq/selenium/selenium-remote-driver/3.141.59/selenium-remote-driver-3.141.59.jar:/Users/evgeniya/.m2/repository/org/seleniumhq/selenium/selenium-safari-driver/3.141.59/selenium-safari-driver-3.141.59.jar:/Users/evgeniya/.m2/repository/org/seleniumhq/selenium/selenium-support/3.141.59/selenium-support-3.141.59.jar:/Users/evgeniya/.m2/repository/net/bytebuddy/byte-buddy/1.8.15/byte-buddy-1.8.15.jar:/Users/evgeniya/.m2/repository/org/apache/commons/commons-exec/1.3/commons-exec-1.3.jar:/Users/evgeniya/.m2/repository/com/google/guava/guava/25.0-jre/guava-25.0-jre.jar:/Users/evgeniya/.m2/repository/com/google/code/findbugs/jsr305/1.3.9/jsr305-1.3.9.jar:/Users/evgeniya/.m2/repository/org/checkerframework/checker-compat-qual/2.0.0/checker-compat-qual-2.0.0.jar:/Users/evgeniya/.m2/repository/com/google/errorprone/error_prone_annotations/2.1.3/error_prone_annotations-2.1.3.jar:/Users/evgeniya/.m2/repository/com/google/j2objc/j2objc-annotations/1.1/j2objc-annotations-1.1.jar:/Users/evgeniya/.m2/repository/org/codehaus/mojo/animal-sniffer-annotations/1.14/animal-sniffer-annotations-1.14.jar:/Users/evgeniya/.m2/repository/com/squareup/okhttp3/okhttp/3.11.0/okhttp-3.11.0.jar:/Users/evgeniya/.m2/repository/com/squareup/okio/okio/1.14.0/okio-1.14.0.jar:/Users/evgeniya/.m2/repository/io/github/bonigarcia/webdrivermanager/4.2.2/webdrivermanager-4.2.2.jar:/Users/evgeniya/.m2/repository/org/slf4j/slf4j-api/1.7.30/slf4j-api-1.7.30.jar:/Users/evgeniya/.m2/repository/com/google/code/gson/gson/2.8.6/gson-2.8.6.jar:/Users/evgeniya/.m2/repository/org/apache/commons/commons-lang3/3.11/commons-lang3-3.11.jar:/Users/evgeniya/.m2/repository/org/apache/httpcomponents/client5/httpclient5/5.0.1/httpclient5-5.0.1.jar:/Users/evgeniya/.m2/repository/org/apache/httpcomponents/core5/httpcore5/5.0.1/httpcore5-5.0.1.jar:/Users/evgeniya/.m2/repository/org/apache/httpcomponents/core5/httpcore5-h2/5.0.1/httpcore5-h2-5.0.1.jar:/Users/evgeniya/.m2/repository/commons-codec/commons-codec/1.13/commons-codec-1.13.jar:/Users/evgeniya/.m2/repository/org/rauschig/jarchivelib/1.1.0/jarchivelib-1.1.0.jar:/Users/evgeniya/.m2/repository/org/apache/commons/commons-compress/1.20/commons-compress-1.20.jar:/Users/evgeniya/.m2/repository/org/jsoup/jsoup/1.13.1/jsoup-1.13.1.jar:/Users/evgeniya/.m2/repository/io/cucumber/cucumber-java/5.7.0/cucumber-java-5.7.0.jar:/Users/evgeniya/.m2/repository/io/cucumber/cucumber-core/5.7.0/cucumber-core-5.7.0.jar:/Users/evgeniya/.m2/repository/io/cucumber/cucumber-gherkin/5.7.0/cucumber-gherkin-5.7.0.jar:/Users/evgeniya/.m2/repository/io/cucumber/cucumber-gherkin-vintage/5.7.0/cucumber-gherkin-vintage-5.7.0.jar:/Users/evgeniya/.m2/repository/io/cucumber/tag-expressions/2.0.4/tag-expressions-2.0.4.jar:/Users/evgeniya/.m2/repository/io/cucumber/cucumber-expressions/8.3.1/cucumber-expressions-8.3.1.jar:/Users/evgeniya/.m2/repository/io/cucumber/datatable/3.3.1/datatable-3.3.1.jar:/Users/evgeniya/.m2/repository/io/cucumber/cucumber-plugin/5.7.0/cucumber-plugin-5.7.0.jar:/Users/evgeniya/.m2/repository/io/cucumber/docstring/5.7.0/docstring-5.7.0.jar:/Users/evgeniya/.m2/repository/org/apiguardian/apiguardian-api/1.1.0/apiguardian-api-1.1.0.jar:/Users/evgeniya/.m2/repository/io/cucumber/cucumber-junit/5.7.0/cucumber-junit-5.7.0.jar:/Users/evgeniya/.m2/repository/junit/junit/4.13/junit-4.13.jar:/Users/evgeniya/.m2/repository/org/hamcrest/hamcrest-core/1.3/hamcrest-core-1.3.jar:/Users/evgeniya/.m2/repository/commons-io/commons-io/2.8.0/commons-io-2.8.0.jar:"/>
    <property name="java.vm.vendor" value="Oracle Corporation"/>
    <property name="sun.arch.data.model" value="64"/>
    <property name="java.vendor.url" value="http://java.oracle.com/"/>
    <property name="user.timezone" value=""/>
    <property name="java.vm.specification.version" value="1.8"/>
    <property name="os.name" value="Mac OS X"/>
    <property name="user.country" value="US"/>
    <property name="sun.java.launcher" value="SUN_STANDARD"/>
    <property name="sun.boot.library.path" value="/Library/Java/JavaVirtualMachines/jdk1.8.0_251.jdk/Contents/Home/jre/lib"/>
    <property name="sun.java.command" value="/Users/evgeniya/eclipse-workspace/Orbitz/target/surefire/surefirebooter2125559295171630020.jar /Users/evgeniya/eclipse-workspace/Orbitz/target/surefire 2021-06-07T17-40-51_617-jvmRun1 surefire5284334032683882559tmp surefire_17554574023421611427tmp"/>
    <property name="http.nonProxyHosts" value="local|*.local|169.254/16|*.169.254/16"/>
    <property name="surefire.test.class.path" value="/Users/evgeniya/eclipse-workspace/Orbitz/target/test-classes:/Users/evgeniya/eclipse-workspace/Orbitz/target/classes:/Users/evgeniya/.m2/repository/org/seleniumhq/selenium/selenium-java/3.141.59/selenium-java-3.141.59.jar:/Users/evgeniya/.m2/repository/org/seleniumhq/selenium/selenium-api/3.141.59/selenium-api-3.141.59.jar:/Users/evgeniya/.m2/repository/org/seleniumhq/selenium/selenium-chrome-driver/3.141.59/selenium-chrome-driver-3.141.59.jar:/Users/evgeniya/.m2/repository/org/seleniumhq/selenium/selenium-edge-driver/3.141.59/selenium-edge-driver-3.141.59.jar:/Users/evgeniya/.m2/repository/org/seleniumhq/selenium/selenium-firefox-driver/3.141.59/selenium-firefox-driver-3.141.59.jar:/Users/evgeniya/.m2/repository/org/seleniumhq/selenium/selenium-ie-driver/3.141.59/selenium-ie-driver-3.141.59.jar:/Users/evgeniya/.m2/repository/org/seleniumhq/selenium/selenium-opera-driver/3.141.59/selenium-opera-driver-3.141.59.jar:/Users/evgeniya/.m2/repository/org/seleniumhq/selenium/selenium-remote-driver/3.141.59/selenium-remote-driver-3.141.59.jar:/Users/evgeniya/.m2/repository/org/seleniumhq/selenium/selenium-safari-driver/3.141.59/selenium-safari-driver-3.141.59.jar:/Users/evgeniya/.m2/repository/org/seleniumhq/selenium/selenium-support/3.141.59/selenium-support-3.141.59.jar:/Users/evgeniya/.m2/repository/net/bytebuddy/byte-buddy/1.8.15/byte-buddy-1.8.15.jar:/Users/evgeniya/.m2/repository/org/apache/commons/commons-exec/1.3/commons-exec-1.3.jar:/Users/evgeniya/.m2/repository/com/google/guava/guava/25.0-jre/guava-25.0-jre.jar:/Users/evgeniya/.m2/repository/com/google/code/findbugs/jsr305/1.3.9/jsr305-1.3.9.jar:/Users/evgeniya/.m2/repository/org/checkerframework/checker-compat-qual/2.0.0/checker-compat-qual-2.0.0.jar:/Users/evgeniya/.m2/repository/com/google/errorprone/error_prone_annotations/2.1.3/error_prone_annotations-2.1.3.jar:/Users/evgeniya/.m2/repository/com/google/j2objc/j2objc-annotations/1.1/j2objc-annotations-1.1.jar:/Users/evgeniya/.m2/repository/org/codehaus/mojo/animal-sniffer-annotations/1.14/animal-sniffer-annotations-1.14.jar:/Users/evgeniya/.m2/repository/com/squareup/okhttp3/okhttp/3.11.0/okhttp-3.11.0.jar:/Users/evgeniya/.m2/repository/com/squareup/okio/okio/1.14.0/okio-1.14.0.jar:/Users/evgeniya/.m2/repository/io/github/bonigarcia/webdrivermanager/4.2.2/webdrivermanager-4.2.2.jar:/Users/evgeniya/.m2/repository/org/slf4j/slf4j-api/1.7.30/slf4j-api-1.7.30.jar:/Users/evgeniya/.m2/repository/com/google/code/gson/gson/2.8.6/gson-2.8.6.jar:/Users/evgeniya/.m2/repository/org/apache/commons/commons-lang3/3.11/commons-lang3-3.11.jar:/Users/evgeniya/.m2/repository/org/apache/httpcomponents/client5/httpclient5/5.0.1/httpclient5-5.0.1.jar:/Users/evgeniya/.m2/repository/org/apache/httpcomponents/core5/httpcore5/5.0.1/httpcore5-5.0.1.jar:/Users/evgeniya/.m2/repository/org/apache/httpcomponents/core5/httpcore5-h2/5.0.1/httpcore5-h2-5.0.1.jar:/Users/evgeniya/.m2/repository/commons-codec/commons-codec/1.13/commons-codec-1.13.jar:/Users/evgeniya/.m2/repository/org/rauschig/jarchivelib/1.1.0/jarchivelib-1.1.0.jar:/Users/evgeniya/.m2/repository/org/apache/commons/commons-compress/1.20/commons-compress-1.20.jar:/Users/evgeniya/.m2/repository/org/jsoup/jsoup/1.13.1/jsoup-1.13.1.jar:/Users/evgeniya/.m2/repository/io/cucumber/cucumber-java/5.7.0/cucumber-java-5.7.0.jar:/Users/evgeniya/.m2/repository/io/cucumber/cucumber-core/5.7.0/cucumber-core-5.7.0.jar:/Users/evgeniya/.m2/repository/io/cucumber/cucumber-gherkin/5.7.0/cucumber-gherkin-5.7.0.jar:/Users/evgeniya/.m2/repository/io/cucumber/cucumber-gherkin-vintage/5.7.0/cucumber-gherkin-vintage-5.7.0.jar:/Users/evgeniya/.m2/repository/io/cucumber/tag-expressions/2.0.4/tag-expressions-2.0.4.jar:/Users/evgeniya/.m2/repository/io/cucumber/cucumber-expressions/8.3.1/cucumber-expressions-8.3.1.jar:/Users/evgeniya/.m2/repository/io/cucumber/datatable/3.3.1/datatable-3.3.1.jar:/Users/evgeniya/.m2/repository/io/cucumber/cucumber-plugin/5.7.0/cucumber-plugin-5.7.0.jar:/Users/evgeniya/.m2/repository/io/cucumber/docstring/5.7.0/docstring-5.7.0.jar:/Users/evgeniya/.m2/repository/org/apiguardian/apiguardian-api/1.1.0/apiguardian-api-1.1.0.jar:/Users/evgeniya/.m2/repository/io/cucumber/cucumber-junit/5.7.0/cucumber-junit-5.7.0.jar:/Users/evgeniya/.m2/repository/junit/junit/4.13/junit-4.13.jar:/Users/evgeniya/.m2/repository/org/hamcrest/hamcrest-core/1.3/hamcrest-core-1.3.jar:/Users/evgeniya/.m2/repository/commons-io/commons-io/2.8.0/commons-io-2.8.0.jar:"/>
    <property name="sun.cpu.endian" value="little"/>
    <property name="user.home" value="/Users/evgeniya"/>
    <property name="user.language" value="en"/>
    <property name="java.specification.vendor" value="Oracle Corporation"/>
    <property name="java.home" value="/Library/Java/JavaVirtualMachines/jdk1.8.0_251.jdk/Contents/Home/jre"/>
    <property name="basedir" value="/Users/evgeniya/eclipse-workspace/Orbitz"/>
    <property name="file.separator" value="/"/>
    <property name="line.separator" value="&#10;"/>
    <property name="java.vm.specification.vendor" value="Oracle Corporation"/>
    <property name="java.specification.name" value="Java Platform API Specification"/>
    <property name="java.awt.graphicsenv" value="sun.awt.CGraphicsEnvironment"/>
    <property name="surefire.real.class.path" value="/Users/evgeniya/eclipse-workspace/Orbitz/target/surefire/surefirebooter2125559295171630020.jar"/>
    <property name="sun.boot.class.path" value="/Library/Java/JavaVirtualMachines/jdk1.8.0_251.jdk/Contents/Home/jre/lib/resources.jar:/Library/Java/JavaVirtualMachines/jdk1.8.0_251.jdk/Contents/Home/jre/lib/rt.jar:/Library/Java/JavaVirtualMachines/jdk1.8.0_251.jdk/Contents/Home/jre/lib/sunrsasign.jar:/Library/Java/JavaVirtualMachines/jdk1.8.0_251.jdk/Contents/Home/jre/lib/jsse.jar:/Library/Java/JavaVirtualMachines/jdk1.8.0_251.jdk/Contents/Home/jre/lib/jce.jar:/Library/Java/JavaVirtualMachines/jdk1.8.0_251.jdk/Contents/Home/jre/lib/charsets.jar:/Library/Java/JavaVirtualMachines/jdk1.8.0_251.jdk/Contents/Home/jre/lib/jfr.jar:/Library/Java/JavaVirtualMachines/jdk1.8.0_251.jdk/Contents/Home/jre/classes"/>
    <property name="sun.management.compiler" value="HotSpot 64-Bit Tiered Compilers"/>
    <property name="ftp.nonProxyHosts" value="local|*.local|169.254/16|*.169.254/16"/>
    <property name="java.runtime.version" value="1.8.0_251-b08"/>
    <property name="user.name" value="evgeniya"/>
    <property name="path.separator" value=":"/>
    <property name="os.version" value="10.16"/>
    <property name="java.endorsed.dirs" value="/Library/Java/JavaVirtualMachines/jdk1.8.0_251.jdk/Contents/Home/jre/lib/endorsed"/>
    <property name="java.runtime.name" value="Java(TM) SE Runtime Environment"/>
    <property name="file.encoding" value="UTF-8"/>
    <property name="java.vm.name" value="Java HotSpot(TM) 64-Bit Server VM"/>
    <property name="localRepository" value="/Users/evgeniya/.m2/repository"/>
    <property name="java.vendor.url.bug" value="http://bugreport.sun.com/bugreport/"/>
    <property name="java.io.tmpdir" value="/var/folders/qz/8ytd8bw52kv5yxcm_fn0fpt80000gp/T/"/>
    <property name="idea.version" value="2021.1.1"/>
    <property name="java.version" value="1.8.0_251"/>
    <property name="user.dir" value="/Users/evgeniya/eclipse-workspace/Orbitz"/>
    <property name="os.arch" value="x86_64"/>
    <property name="java.vm.specification.name" value="Java Virtual Machine Specification"/>
    <property name="java.awt.printerjob" value="sun.lwawt.macosx.CPrinterJob"/>
    <property name="sun.os.patch.level" value="unknown"/>
    <property name="java.library.path" value="/Users/evgeniya/Library/Java/Extensions:/Library/Java/Extensions:/Network/Library/Java/Extensions:/System/Library/Java/Extensions:/usr/lib/java:."/>
    <property name="java.vm.info" value="mixed mode"/>
    <property name="java.vendor" value="Oracle Corporation"/>
    <property name="java.vm.version" value="25.251-b08"/>
    <property name="java.ext.dirs" value="/Users/evgeniya/Library/Java/Extensions:/Library/Java/JavaVirtualMachines/jdk1.8.0_251.jdk/Contents/Home/jre/lib/ext:/Library/Java/Extensions:/Network/Library/Java/Extensions:/System/Library/Java/Extensions:/usr/lib/java"/>
    <property name="sun.io.unicode.encoding" value="UnicodeBig"/>
    <property name="java.class.version" value="52.0"/>
    <property name="socksNonProxyHosts" value="local|*.local|169.254/16|*.169.254/16"/>
  </properties>
  <testcase name="Flight Booking Verification(Flight Booking Functionality " classname="Firefox)" time="277.099">
    <error message="Expected condition failed: waiting for visibility of Proxy element for: DefaultElementLocator &apos;By.xpath: (//*[@data-test-id=&apos;flight-operated&apos;])[1]&apos; (tried for 20 second(s) with 500 milliseconds interval)" type="org.openqa.selenium.TimeoutException"><![CDATA[org.openqa.selenium.TimeoutException: Expected condition failed: waiting for visibility of Proxy element for: DefaultElementLocator 'By.xpath: (//*[@data-test-id='flight-operated'])[1]' (tried for 20 second(s) with 500 milliseconds interval)
Caused by: org.openqa.selenium.NoSuchElementException: 
Unable to locate element: (//*[@data-test-id='flight-operated'])[1]
For documentation on this error, please visit: https://www.seleniumhq.org/exceptions/no_such_element.html
Build info: version: '3.141.59', revision: 'e82be7d358', time: '2018-11-14T08:17:03'
System info: host: 'MacBook-Pro-16.local', ip: '2603:7000:7e00:59:0:0:0:fc9%en0', os.name: 'Mac OS X', os.arch: 'x86_64', os.version: '10.16', java.version: '1.8.0_251'
Driver info: org.openqa.selenium.firefox.FirefoxDriver
Capabilities {acceptInsecureCerts: true, browserName: firefox, browserVersion: 89.0, javascriptEnabled: true, moz:accessibilityChecks: false, moz:buildID: 20210527174632, moz:geckodriverVersion: 0.29.1, moz:headless: false, moz:processID: 89001, moz:profile: /var/folders/qz/8ytd8bw52kv..., moz:shutdownTimeout: 60000, moz:useNonSpecCompliantPointerOrigin: false, moz:webdriverClick: true, pageLoadStrategy: normal, platform: MAC, platformName: MAC, platformVersion: 20.3.0, setWindowRect: true, strictFileInteractability: false, timeouts: {implicit: 0, pageLoad: 300000, script: 30000}, unhandledPromptBehavior: dismiss and notify}
Session ID: 604a1df3-4798-3c44-958a-7effa7d422a9
*** Element info: {Using=xpath, value=(//*[@data-test-id='flight-operated'])[1]}
]]></error>
    <system-out><![CDATA[
@firefox
Scenario: Flight Booking Verification                                                                                                    &amp#27;[90m# src/test/resources/features/flightBooking2.feature:6&amp#27;[0m
  &amp#27;[32mWhen &amp#27;[0m&amp#27;[32mclick on Flights button&amp#27;[0m                                                                                                           &amp#27;[90m# com.orbitz.steps.HomePageSteps.click_on_Flights_button()&amp#27;[0m
  &amp#27;[32mAnd &amp#27;[0m&amp#27;[32mclick on Roundtrip button&amp#27;[0m                                                                                                          &amp#27;[90m# com.orbitz.steps.HomePageSteps.click_on_Roundtrip_button()&amp#27;[0m
  &amp#27;[32mAnd &amp#27;[0m&amp#27;[32mclick on Leaving From button&amp#27;[0m                                                                                                       &amp#27;[90m# com.orbitz.steps.HomePageSteps.click_on_Leaving_From_button()&amp#27;[0m
  &amp#27;[32mAnd &amp#27;[0m&amp#27;[32minput text &amp#27;[0m&amp#27;[32m&amp#27;[1m"San Francisco (SFO - San Francisco Intl.)"&amp#27;[0m&amp#27;[32m into text field by id &amp#27;[0m&amp#27;[32m&amp#27;[1m"location-field-leg1-origin"&amp#27;[0m&amp#27;[32m and press enter&amp#27;[0m          &amp#27;[90m# com.orbitz.steps.HomePageSteps.input_text_into_text_field_by_id_and_press_enter(java.lang.String,java.lang.String)&amp#27;[0m
  &amp#27;[32mAnd &amp#27;[0m&amp#27;[32mclick on Going To button&amp#27;[0m                                                                                                           &amp#27;[90m# com.orbitz.steps.HomePageSteps.click_on_Going_To_button()&amp#27;[0m
  &amp#27;[32mAnd &amp#27;[0m&amp#27;[32minput text &amp#27;[0m&amp#27;[32m&amp#27;[1m"New York (JFK - John F. Kennedy Intl.)"&amp#27;[0m&amp#27;[32m into text field by id &amp#27;[0m&amp#27;[32m&amp#27;[1m"location-field-leg1-destination"&amp#27;[0m&amp#27;[32m and press enter&amp#27;[0m        &amp#27;[90m# com.orbitz.steps.HomePageSteps.input_text_into_text_field_by_id_and_press_enter(java.lang.String,java.lang.String)&amp#27;[0m
  &amp#27;[32mAnd &amp#27;[0m&amp#27;[32mclick by id &amp#27;[0m&amp#27;[32m&amp#27;[1m"d1-btn"&amp#27;[0m                                                                                                               &amp#27;[90m# com.orbitz.steps.HomePageSteps.click_by_id(java.lang.String)&amp#27;[0m
---> calendarMonthText: June 2021
--->   GlobalVariables.departingDate: Jun 21
--->   GlobalVariables.departingDate2: 6/21/2021
---> calendarMonthText: June 2021
---> GlobalVariables.returningDate: Jun 28
---> GlobalVariables.returningDate2: 6/28/2021
  &amp#27;[32mAnd &amp#27;[0m&amp#27;[32mSelect Departing date to be &amp#27;[0m&amp#27;[32m&amp#27;[1m2&amp#27;[0m&amp#27;[32m weeks from today and Returning date to be &amp#27;[0m&amp#27;[32m&amp#27;[1m3&amp#27;[0m&amp#27;[32m weeks from today&amp#27;[0m                                         &amp#27;[90m# com.orbitz.steps.HomePageSteps.select_Departing_date_to_be_weeks_from_today_and_Returning_date_to_be_weeks_from_today(int,int)&amp#27;[0m
  &amp#27;[32mAnd &amp#27;[0m&amp#27;[32mclick on Search button&amp#27;[0m                                                                                                             &amp#27;[90m# com.orbitz.steps.HomePageSteps.click_on_Search_button()&amp#27;[0m
---> textFlyingFrom: San Francisco, CA, United States of America (SFO)
  &amp#27;[32mThen &amp#27;[0m&amp#27;[32mverify text field Flying From contains text&amp#27;[0m                                                                                       &amp#27;[90m# com.orbitz.steps.FlightsSearchSteps.verify_text_field_Flying_From_contains_text(io.cucumber.datatable.DataTable)&amp#27;[0m
---> textFlyingFrom: New York, NY, United States of America (JFK)
  &amp#27;[32mThen &amp#27;[0m&amp#27;[32mverify text field Flying To contains text&amp#27;[0m                                                                                         &amp#27;[90m# com.orbitz.steps.FlightsSearchSteps.verify_text_field_Flying_To_contains_text(io.cucumber.datatable.DataTable)&amp#27;[0m
---> Departing date: 6/21/2021
  &amp#27;[32mThen &amp#27;[0m&amp#27;[32mverify text field with id contains expected departing data&amp#27;[0m                                                                        &amp#27;[90m# com.orbitz.steps.FlightsSearchSteps.verify_text_field_with_id_contains_expected_departing_data(io.cucumber.datatable.DataTable)&amp#27;[0m
---> Departing date: 6/28/2021
  &amp#27;[32mThen &amp#27;[0m&amp#27;[32mverify text field with id contains expected returning data&amp#27;[0m                                                                        &amp#27;[90m# com.orbitz.steps.FlightsSearchSteps.verify_text_field_with_id_contains_expected_returning_data(io.cucumber.datatable.DataTable)&amp#27;[0m
---> result: Departure airport: SFO. Layovers: LAX - RNO. Arrival airport: JFK.
---> size: 47
---> text: Departure airport: SFO.
---> text: Arrival airport: JFK.
---> result: Departure airport: SFO. Layover: 6h 59m in SEA. Arrival airport: JFK.
---> size: 47
---> text: Departure airport: SFO.
---> text: Arrival airport: JFK.
---> result: Departure airport: SFO. Layovers: LAX - AUS. Arrival airport: JFK.
---> size: 47
---> text: Departure airport: SFO.
---> text: Arrival airport: JFK.
---> result: Departure airport: SFO. Layover: 1h 25m in SLC. Arrival airport: JFK.
---> size: 47
---> text: Departure airport: SFO.
---> text: Arrival airport: JFK.
---> result: Departure airport: SFO. Layover: 1h 51m in SLC. Arrival airport: JFK.
---> size: 47
---> text: Departure airport: SFO.
---> text: Arrival airport: JFK.
---> result: Departure airport: SFO. Arrival airport: JFK.
---> size: 47
---> text: Departure airport: SFO.
---> text: Arrival airport: JFK.
---> result: Departure airport: SFO. Arrival airport: JFK.
---> size: 47
---> text: Departure airport: SFO.
---> text: Arrival airport: JFK.
---> result: Departure airport: SFO. Layover: 2h 21m in MCO. Arrival airport: JFK.
---> size: 47
---> text: Departure airport: SFO.
---> text: Arrival airport: JFK.
---> result: Departure airport: SFO. Layover: 3h 36m in MCO. Arrival airport: JFK.
---> size: 47
---> text: Departure airport: SFO.
---> text: Arrival airport: JFK.
---> result: Departure airport: SFO. Layover: 54m in LAX. Arrival airport: JFK.
---> size: 47
---> text: Departure airport: SFO.
---> text: Arrival airport: JFK.
---> result: Departure airport: SFO. Layovers: LAX - RNO. Arrival airport: JFK.
---> size: 47
---> text: Departure airport: SFO.
---> text: Arrival airport: JFK.
---> result: Departure airport: SFO. Arrival airport: JFK.
---> size: 47
---> text: Departure airport: SFO.
---> text: Arrival airport: JFK.
---> result: Departure airport: SFO. Arrival airport: JFK.
---> size: 47
---> text: Departure airport: SFO.
---> text: Arrival airport: JFK.
---> result: Departure airport: SFO. Layover: 32m in SLC. Arrival airport: JFK.
---> size: 47
---> text: Departure airport: SFO.
---> text: Arrival airport: JFK.
---> result: Departure airport: SFO. Layover: 3h 22m in SEA. Arrival airport: JFK.
---> size: 47
---> text: Departure airport: SFO.
---> text: Arrival airport: JFK.
---> result: Departure airport: SFO. Layover: 1h 34m in LAX. Arrival airport: JFK.
---> size: 47
---> text: Departure airport: SFO.
---> text: Arrival airport: JFK.
---> result: Departure airport: SFO. Layover: 3h 36m in LAX. Arrival airport: JFK.
---> size: 47
---> text: Departure airport: SFO.
---> text: Arrival airport: JFK.
---> result: Departure airport: SFO. Arrival airport: JFK.
---> size: 47
---> text: Departure airport: SFO.
---> text: Arrival airport: JFK.
---> result: Departure airport: SFO. Layover: 5h 26m in SEA. Arrival airport: JFK.
---> size: 47
---> text: Departure airport: SFO.
---> text: Arrival airport: JFK.
---> result: Departure airport: SFO. Arrival airport: JFK.
---> size: 47
---> text: Departure airport: SFO.
---> text: Arrival airport: JFK.
---> result: Departure airport: SFO. Arrival airport: JFK.
---> size: 47
---> text: Departure airport: SFO.
---> text: Arrival airport: JFK.
---> result: Departure airport: SFO. Arrival airport: JFK.
---> size: 47
---> text: Departure airport: SFO.
---> text: Arrival airport: JFK.
---> result: Departure airport: SFO. Arrival airport: JFK.
---> size: 47
---> text: Departure airport: SFO.
---> text: Arrival airport: JFK.
---> result: Departure airport: SFO. Layover: 7h 32m in LAX. Arrival airport: JFK.
---> size: 47
---> text: Departure airport: SFO.
---> text: Arrival airport: JFK.
---> result: Departure airport: SFO. Arrival airport: JFK.
---> size: 47
---> text: Departure airport: SFO.
---> text: Arrival airport: JFK.
---> result: Departure airport: SFO. Arrival airport: JFK.
---> size: 47
---> text: Departure airport: SFO.
---> text: Arrival airport: JFK.
---> result: Departure airport: SFO. Layover: 49m in SLC. Arrival airport: JFK.
---> size: 47
---> text: Departure airport: SFO.
---> text: Arrival airport: JFK.
---> result: Departure airport: SFO. Arrival airport: JFK.
---> size: 47
---> text: Departure airport: SFO.
---> text: Arrival airport: JFK.
---> result: Departure airport: SFO. Layover: 4h 37m in PHX. Arrival airport: JFK.
---> size: 47
---> text: Departure airport: SFO.
---> text: Arrival airport: JFK.
---> result: Departure airport: SFO. Layover: 3h 43m in DFW. Arrival airport: JFK.
---> size: 47
---> text: Departure airport: SFO.
---> text: Arrival airport: JFK.
---> result: Departure airport: SFO. Layover: 1h 17m in CLT. Arrival airport: JFK.
---> size: 47
---> text: Departure airport: SFO.
---> text: Arrival airport: JFK.
---> result: Departure airport: SFO. Layover: 2h 44m in CLT. Arrival airport: JFK.
---> size: 47
---> text: Departure airport: SFO.
---> text: Arrival airport: JFK.
---> result: Departure airport: SFO. Arrival airport: JFK.
---> size: 47
---> text: Departure airport: SFO.
---> text: Arrival airport: JFK.
---> result: Departure airport: SFO. Arrival airport: JFK.
---> size: 47
---> text: Departure airport: SFO.
---> text: Arrival airport: JFK.
---> result: Departure airport: SFO. Layover: 1h 2m in LAX. Arrival airport: JFK.
---> size: 47
---> text: Departure airport: SFO.
---> text: Arrival airport: JFK.
---> result: Departure airport: SFO. Layover: 2h 32m in LAX. Arrival airport: JFK.
---> size: 47
---> text: Departure airport: SFO.
---> text: Arrival airport: JFK.
---> result: Departure airport: SFO. Layover: 1h 12m in ORD. Arrival airport: JFK.
---> size: 47
---> text: Departure airport: SFO.
---> text: Arrival airport: JFK.
---> result: Departure airport: SFO. Layovers: SMF - SEA. Arrival airport: JFK.
---> size: 47
---> text: Departure airport: SFO.
---> text: Arrival airport: JFK.
---> result: Departure airport: SFO. Layover: 4h 49m in SLC. Arrival airport: JFK.
---> size: 47
---> text: Departure airport: SFO.
---> text: Arrival airport: JFK.
---> result: Departure airport: SFO. Arrival airport: JFK.
---> size: 47
---> text: Departure airport: SFO.
---> text: Arrival airport: JFK.
---> result: Departure airport: SFO. Arrival airport: JFK.
---> size: 47
---> text: Departure airport: SFO.
---> text: Arrival airport: JFK.
---> result: Departure airport: SFO. Arrival airport: JFK.
---> size: 47
---> text: Departure airport: SFO.
---> text: Arrival airport: JFK.
---> result: Departure airport: SFO. Layovers: SLC - MSP. Arrival airport: JFK.
---> size: 47
---> text: Departure airport: SFO.
---> text: Arrival airport: JFK.
---> result: Departure airport: SFO. Layovers: SLC - MSP. Arrival airport: JFK.
---> size: 47
---> text: Departure airport: SFO.
---> text: Arrival airport: JFK.
---> result: Departure airport: SFO. Layover: 1h 56m in ATL. Arrival airport: JFK.
---> size: 47
---> text: Departure airport: SFO.
---> text: Arrival airport: JFK.
---> result: Departure airport: SFO. Arrival airport: JFK.
---> size: 47
---> text: Departure airport: SFO.
---> text: Arrival airport: JFK.
---> result: Departure airport: SFO. Arrival airport: JFK.
---> size: 47
---> text: Departure airport: SFO.
---> text: Arrival airport: JFK.
  &amp#27;[32mThen &amp#27;[0m&amp#27;[32mverify all flights in result search contain text&amp#27;[0m                                                                                  &amp#27;[90m# com.orbitz.steps.FlightsSearchSteps.verify_all_flights_in_result_search_contain_text(io.cucumber.datatable.DataTable)&amp#27;[0m
Checkbox clicked
  &amp#27;[32mAnd &amp#27;[0m&amp#27;[32mselect checkbox by id - &amp#27;[0m&amp#27;[32m&amp#27;[1mtrue&amp#27;[0m                                                                                                       &amp#27;[90m# com.orbitz.steps.FlightsSearchSteps.select_checkbox_by_id_true(java.lang.Boolean,io.cucumber.datatable.DataTable)&amp#27;[0m
Wait for 7000 milliseconds
  &amp#27;[32mAnd &amp#27;[0m&amp#27;[32mwait for &amp#27;[0m&amp#27;[32m&amp#27;[1m7000&amp#27;[0m&amp#27;[32m milliseconds&amp#27;[0m                                                                                                         &amp#27;[90m# com.orbitz.steps.FlightsSearchSteps.wait_for_milliseconds(int)&amp#27;[0m
---> I am in Select
---> Price dd: Price (Lowest)
---> Price dd: Price (Highest)
---> I am in If Price dd: Price (Highest)
  &amp#27;[32mAnd &amp#27;[0m&amp#27;[32mselect dropdown value by &amp#27;[0m&amp#27;[32m&amp#27;[1m"Price (Highest)"&amp#27;[0m                                                                                         &amp#27;[90m# com.orbitz.steps.FlightsSearchSteps.select_dropdown_value_by(java.lang.String)&amp#27;[0m
Wait for 7000 milliseconds
  &amp#27;[32mAnd &amp#27;[0m&amp#27;[32mwait for &amp#27;[0m&amp#27;[32m&amp#27;[1m7000&amp#27;[0m&amp#27;[32m milliseconds&amp#27;[0m                                                                                                         &amp#27;[90m# com.orbitz.steps.FlightsSearchSteps.wait_for_milliseconds(int)&amp#27;[0m
click old
  &amp#27;[32mAnd &amp#27;[0m&amp#27;[32mselect first flight from the list&amp#27;[0m                                                                                                  &amp#27;[90m# com.orbitz.steps.FlightsSearchSteps.select_first_flight_from_the_list()&amp#27;[0m
  &amp#27;[32mAnd &amp#27;[0m&amp#27;[32mclick on Continue Select this fare button&amp#27;[0m                                                                                          &amp#27;[90m# com.orbitz.steps.FlightsSearchSteps.click_on_Continue_Select_this_fare_button()&amp#27;[0m
Wait for 7000 milliseconds
  &amp#27;[32mAnd &amp#27;[0m&amp#27;[32mwait for &amp#27;[0m&amp#27;[32m&amp#27;[1m7000&amp#27;[0m&amp#27;[32m milliseconds&amp#27;[0m                                                                                                         &amp#27;[90m# com.orbitz.steps.FlightsSearchSteps.wait_for_milliseconds(int)&amp#27;[0m
Wait for 7000 milliseconds
  &amp#27;[32mAnd &amp#27;[0m&amp#27;[32mwait for &amp#27;[0m&amp#27;[32m&amp#27;[1m7000&amp#27;[0m&amp#27;[32m milliseconds&amp#27;[0m                                                                                                         &amp#27;[90m# com.orbitz.steps.FlightsSearchSteps.wait_for_milliseconds(int)&amp#27;[0m
click old
  &amp#27;[32mAnd &amp#27;[0m&amp#27;[32mselect first flight from the list&amp#27;[0m                                                                                                  &amp#27;[90m# com.orbitz.steps.FlightsSearchSteps.select_first_flight_from_the_list()&amp#27;[0m
  &amp#27;[32mAnd &amp#27;[0m&amp#27;[32mclick on Continue Select this fare button&amp#27;[0m                                                                                          &amp#27;[90m# com.orbitz.steps.FlightsSearchSteps.click_on_Continue_Select_this_fare_button()&amp#27;[0m
Wait for 7000 milliseconds
  &amp#27;[32mAnd &amp#27;[0m&amp#27;[32mwait for &amp#27;[0m&amp#27;[32m&amp#27;[1m7000&amp#27;[0m&amp#27;[32m milliseconds&amp#27;[0m                                                                                                         &amp#27;[90m# com.orbitz.steps.FlightsSearchSteps.wait_for_milliseconds(int)&amp#27;[0m
  &amp#27;[32mAnd &amp#27;[0m&amp#27;[32mswitch to new window&amp#27;[0m                                                                                                               &amp#27;[90m# com.orbitz.steps.FlightInformationSteps.switch_to_new_window()&amp#27;[0m
  &amp#27;[31mThen &amp#27;[0m&amp#27;[31mverify Departing date&amp#27;[0m                                                                                                             &amp#27;[90m# com.orbitz.steps.FlightInformationSteps.verify_Departing_date()&amp#27;[0m
      &amp#27;[31morg.openqa.selenium.TimeoutException: Expected condition failed: waiting for visibility of Proxy element for: DefaultElementLocator 'By.xpath: (//*[@data-test-id='flight-operated'])[1]' (tried for 20 second(s) with 500 milliseconds interval)
	at org.openqa.selenium.support.ui.WebDriverWait.timeoutException(WebDriverWait.java:95)
	at org.openqa.selenium.support.ui.FluentWait.until(FluentWait.java:272)
	at com.orbitz.utils.CommonMethods.waitForVisible(CommonMethods.java:92)
	at com.orbitz.utils.CommonMethods.getText(CommonMethods.java:167)
	at com.orbitz.steps.FlightInformationSteps.verify_Departing_date(FlightInformationSteps.java:18)
	at ✽.verify Departing date(file:///Users/evgeniya/eclipse-workspace/Orbitz/src/test/resources/features/flightBooking2.feature:55)
Caused by: org.openqa.selenium.NoSuchElementException: Unable to locate element: (//*[@data-test-id='flight-operated'])[1]
For documentation on this error, please visit: https://www.seleniumhq.org/exceptions/no_such_element.html
Build info: version: '3.141.59', revision: 'e82be7d358', time: '2018-11-14T08:17:03'
System info: host: 'MacBook-Pro-16.local', ip: '2603:7000:7e00:59:0:0:0:fc9%en0', os.name: 'Mac OS X', os.arch: 'x86_64', os.version: '10.16', java.version: '1.8.0_251'
Driver info: org.openqa.selenium.firefox.FirefoxDriver
Capabilities {acceptInsecureCerts: true, browserName: firefox, browserVersion: 89.0, javascriptEnabled: true, moz:accessibilityChecks: false, moz:buildID: 20210527174632, moz:geckodriverVersion: 0.29.1, moz:headless: false, moz:processID: 89001, moz:profile: /var/folders/qz/8ytd8bw52kv..., moz:shutdownTimeout: 60000, moz:useNonSpecCompliantPointerOrigin: false, moz:webdriverClick: true, pageLoadStrategy: normal, platform: MAC, platformName: MAC, platformVersion: 20.3.0, setWindowRect: true, strictFileInteractability: false, timeouts: {implicit: 0, pageLoad: 300000, script: 30000}, unhandledPromptBehavior: dismiss and notify}
Session ID: 604a1df3-4798-3c44-958a-7effa7d422a9
*** Element info: {Using=xpath, value=(//*[@data-test-id='flight-operated'])[1]}
	at sun.reflect.NativeConstructorAccessorImpl.newInstance0(Native Method)
	at sun.reflect.NativeConstructorAccessorImpl.newInstance(NativeConstructorAccessorImpl.java:62)
	at sun.reflect.DelegatingConstructorAccessorImpl.newInstance(DelegatingConstructorAccessorImpl.java:45)
	at java.lang.reflect.Constructor.newInstance(Constructor.java:423)
	at org.openqa.selenium.remote.http.W3CHttpResponseCodec.createException(W3CHttpResponseCodec.java:187)
	at org.openqa.selenium.remote.http.W3CHttpResponseCodec.decode(W3CHttpResponseCodec.java:122)
	at org.openqa.selenium.remote.http.W3CHttpResponseCodec.decode(W3CHttpResponseCodec.java:49)
	at org.openqa.selenium.remote.HttpCommandExecutor.execute(HttpCommandExecutor.java:158)
	at org.openqa.selenium.remote.service.DriverCommandExecutor.execute(DriverCommandExecutor.java:83)
	at org.openqa.selenium.remote.RemoteWebDriver.execute(RemoteWebDriver.java:552)
	at org.openqa.selenium.remote.RemoteWebDriver.findElement(RemoteWebDriver.java:323)
	at org.openqa.selenium.remote.RemoteWebDriver.findElementByXPath(RemoteWebDriver.java:428)
	at org.openqa.selenium.By$ByXPath.findElement(By.java:353)
	at org.openqa.selenium.remote.RemoteWebDriver.findElement(RemoteWebDriver.java:315)
	at org.openqa.selenium.support.pagefactory.DefaultElementLocator.findElement(DefaultElementLocator.java:69)
	at org.openqa.selenium.support.pagefactory.internal.LocatingElementHandler.invoke(LocatingElementHandler.java:38)
	at com.sun.proxy.$Proxy18.isDisplayed(Unknown Source)
	at org.openqa.selenium.support.ui.ExpectedConditions.elementIfVisible(ExpectedConditions.java:314)
	at org.openqa.selenium.support.ui.ExpectedConditions.access$000(ExpectedConditions.java:43)
	at org.openqa.selenium.support.ui.ExpectedConditions$10.apply(ExpectedConditions.java:300)
	at org.openqa.selenium.support.ui.ExpectedConditions$10.apply(ExpectedConditions.java:297)
	at org.openqa.selenium.support.ui.FluentWait.until(FluentWait.java:249)
	at com.orbitz.utils.CommonMethods.waitForVisible(CommonMethods.java:92)
	at com.orbitz.utils.CommonMethods.getText(CommonMethods.java:167)
	at com.orbitz.steps.FlightInformationSteps.verify_Departing_date(FlightInformationSteps.java:18)
	at sun.reflect.NativeMethodAccessorImpl.invoke0(Native Method)
	at sun.reflect.NativeMethodAccessorImpl.invoke(NativeMethodAccessorImpl.java:62)
	at sun.reflect.DelegatingMethodAccessorImpl.invoke(DelegatingMethodAccessorImpl.java:43)
	at java.lang.reflect.Method.invoke(Method.java:498)
	at io.cucumber.java.Invoker.invoke(Invoker.java:27)
	at io.cucumber.java.JavaStepDefinition.execute(JavaStepDefinition.java:27)
	at io.cucumber.core.runner.PickleStepDefinitionMatch.runStep(PickleStepDefinitionMatch.java:63)
	at io.cucumber.core.runner.TestStep.executeStep(TestStep.java:64)
	at io.cucumber.core.runner.TestStep.run(TestStep.java:49)
	at io.cucumber.core.runner.PickleStepTestStep.run(PickleStepTestStep.java:46)
	at io.cucumber.core.runner.TestCase.run(TestCase.java:51)
	at io.cucumber.core.runner.Runner.runPickle(Runner.java:67)
	at io.cucumber.junit.PickleRunners$NoStepDescriptions.run(PickleRunners.java:149)
	at io.cucumber.junit.FeatureRunner.runChild(FeatureRunner.java:83)
	at io.cucumber.junit.FeatureRunner.runChild(FeatureRunner.java:24)
	at org.junit.runners.ParentRunner$4.run(ParentRunner.java:331)
	at org.junit.runners.ParentRunner$1.schedule(ParentRunner.java:79)
	at org.junit.runners.ParentRunner.runChildren(ParentRunner.java:329)
	at org.junit.runners.ParentRunner.access$100(ParentRunner.java:66)
	at org.junit.runners.ParentRunner$2.evaluate(ParentRunner.java:293)
	at org.junit.runners.ParentRunner$3.evaluate(ParentRunner.java:306)
	at org.junit.runners.ParentRunner.run(ParentRunner.java:413)
	at io.cucumber.junit.Cucumber.runChild(Cucumber.java:185)
	at io.cucumber.junit.Cucumber.runChild(Cucumber.java:83)
	at org.junit.runners.ParentRunner$4.run(ParentRunner.java:331)
	at org.junit.runners.ParentRunner$1.schedule(ParentRunner.java:79)
	at org.junit.runners.ParentRunner.runChildren(ParentRunner.java:329)
	at org.junit.runners.ParentRunner.access$100(ParentRunner.java:66)
	at org.junit.runners.ParentRunner$2.evaluate(ParentRunner.java:293)
	at io.cucumber.junit.Cucumber$RunCucumber.evaluate(Cucumber.java:219)
	at org.junit.runners.ParentRunner$3.evaluate(ParentRunner.java:306)
	at org.junit.runners.ParentRunner.run(ParentRunner.java:413)
	at org.apache.maven.surefire.junit4.JUnit4Provider.execute(JUnit4Provider.java:364)
	at org.apache.maven.surefire.junit4.JUnit4Provider.executeWithRerun(JUnit4Provider.java:272)
	at org.apache.maven.surefire.junit4.JUnit4Provider.executeTestSet(JUnit4Provider.java:237)
	at org.apache.maven.surefire.junit4.JUnit4Provider.invoke(JUnit4Provider.java:158)
	at org.apache.maven.surefire.booter.ForkedBooter.runSuitesInProcess(ForkedBooter.java:428)
	at org.apache.maven.surefire.booter.ForkedBooter.execute(ForkedBooter.java:162)
	at org.apache.maven.surefire.booter.ForkedBooter.run(ForkedBooter.java:562)
	at org.apache.maven.surefire.booter.ForkedBooter.main(ForkedBooter.java:548)
&amp#27;[0m
  &amp#27;[36mThen &amp#27;[0m&amp#27;[36mverify Returning date&amp#27;[0m                                                                                                             &amp#27;[90m# com.orbitz.steps.FlightInformationSteps.verify_Returning_date()&amp#27;[0m
  &amp#27;[36mWhen &amp#27;[0m&amp#27;[36mclick on Show details in departing section&amp#27;[0m                                                                                        &amp#27;[90m# com.orbitz.steps.FlightInformationSteps.click_on_Show_details_in_departing_section()&amp#27;[0m
  &amp#27;[36mAnd &amp#27;[0m&amp#27;[36mwait for &amp#27;[0m&amp#27;[36m&amp#27;[1m7000&amp#27;[0m&amp#27;[36m milliseconds&amp#27;[0m                                                                                                         &amp#27;[90m# com.orbitz.steps.FlightsSearchSteps.wait_for_milliseconds(int)&amp#27;[0m
  &amp#27;[36mThen &amp#27;[0m&amp#27;[36mverify departure airport is &amp#27;[0m&amp#27;[36m&amp#27;[1m"San Francisco Intl. (SFO)"&amp#27;[0m&amp#27;[36m and arrival airport is &amp#27;[0m&amp#27;[36m&amp#27;[1m"John F. Kennedy Intl. (JFK)"&amp#27;[0m&amp#27;[36m in departing section&amp#27;[0m &amp#27;[90m# com.orbitz.steps.FlightInformationSteps.verify_departure_airport_is_and_arrival_airport_is_in_departing_section(java.lang.String,java.lang.String)&amp#27;[0m
  &amp#27;[36mThen &amp#27;[0m&amp#27;[36mverify Trip total price&amp#27;[0m                                                                                                           &amp#27;[90m# com.orbitz.steps.FlightInformationSteps.verify_Trip_total_price()&amp#27;[0m

    Embedding Flight Booking Verification [image/png 819558 bytes]

]]></system-out>
    <system-err><![CDATA[SLF4J: Failed to load class "org.slf4j.impl.StaticLoggerBinder".
SLF4J: Defaulting to no-operation (NOP) logger implementation
SLF4J: See http://www.slf4j.org/codes.html#StaticLoggerBinder for further details.
1623102053744	geckodriver	INFO	Listening on 127.0.0.1:9276
1623102053944	mozrunner::runner	INFO	Running command: "/Applications/Firefox.app/Contents/MacOS/firefox-bin" "--marionette" "-foreground" "-no-remote" "-profile" "/var/folders/qz/8ytd8bw52kv5yxcm_fn0fpt80000gp/T/rust_mozprofilemLzvMo"
1623102054347	Marionette	INFO	Marionette enabled
2021-06-07 17:40:55.055 firefox-bin[89001:14572741] Warning: Expected min height of view: (<NSButton: 0x135ab4800>) to be less than or equal to 30 but got a height of 32.000000. This error will be logged once per view in violation.
2021-06-07 17:40:55.055 firefox-bin[89001:14572741] Warning: Expected min height of view: (<NSButton: 0x135ed8000>) to be less than or equal to 30 but got a height of 32.000000. This error will be logged once per view in violation.
2021-06-07 17:40:55.056 firefox-bin[89001:14572741] Warning: Expected min height of view: (<NSButton: 0x135ed4400>) to be less than or equal to 30 but got a height of 32.000000. This error will be logged once per view in violation.
2021-06-07 17:40:55.056 firefox-bin[89001:14572741] Warning: Expected min height of view: (<NSButton: 0x135ed5400>) to be less than or equal to 30 but got a height of 32.000000. This error will be logged once per view in violation.
2021-06-07 17:40:55.057 firefox-bin[89001:14572741] Warning: Expected min height of view: (<NSButton: 0x135ed6800>) to be less than or equal to 30 but got a height of 32.000000. This error will be logged once per view in violation.
2021-06-07 17:40:55.057 firefox-bin[89001:14572741] Warning: Expected min height of view: (<NSPopoverTouchBarItemButton: 0x135ed7c00>) to be less than or equal to 30 but got a height of 32.000000. This error will be logged once per view in violation.
2021-06-07 17:40:55.058 firefox-bin[89001:14572741] Warning: Expected min height of view: (<NSPopoverTouchBarItemButton: 0x135edd000>) to be less than or equal to 30 but got a height of 32.000000. This error will be logged once per view in violation.
console.warn: SearchSettings: "get: No settings file exists, new profile?" (new NotFoundError("Could not open the file at /var/folders/qz/8ytd8bw52kv5yxcm_fn0fpt80000gp/T/rust_mozprofilemLzvMo/search.json.mozlz4", (void 0)))
1623102056133	Marionette	INFO	Listening on port 63597
1623102056218	Marionette	WARN	TLS certificate errors will be ignored for this session
Jun 07, 2021 5:40:56 PM org.openqa.selenium.remote.ProtocolHandshake createSession
INFO: Detected dialect: W3C
JavaScript error: https://vap.expedia.com/vac/2.6.16/vacLogger.js, line 1: SyntaxError: expected expression, got '<'
JavaScript warning: https://cdn.glassboxcdn.com/expedia/detector-dom.min.js, line 63: asm.js type error: cannot create array view without an asm.js heap parameter
JavaScript warning: https://cdn.glassboxcdn.com/expedia/detector-dom.min.js, line 63: asm.js type error: cannot create array view without an asm.js heap parameter
JavaScript error: https://www.uciservice.com/assets/md-libs/1.0/29998cd0f5d63477e432da7610ba409eeb4c6277/meso-displayad.js, line 18: TypeError: window.googletag.pubads is not a function
1623102329163	Marionette	INFO	Stopped listening on port 63597

###!!! [Child][RunMessage] Error: Channel closing: too late to send/recv, messages will be lost


###!!! [Parent][RunMessage] Error: Channel closing: too late to send/recv, messages will be lost

]]></system-err>
  </testcase>
</testsuite>